<?xml version="1.0" encoding="UTF-8"?>
<testsuite name="KataTest" tests="1" skipped="0" failures="0" errors="0" timestamp="2022-04-04T15:53:42" hostname="DESKTOP-5NPG1UR" time="0.023">
  <properties/>
  <testcase name="sampleTests()" classname="KataTest" time="0.023"/>
  <system-out><![CDATA[]]></system-out>
  <system-err><![CDATA[]]></system-err>
</testsuite>
